<?xml version="1.0" encoding="UTF-8"?>
<!-- Generated by org.testng.reporters.JUnitXMLReporter -->
<testsuite ignored="0" hostname="DESKTOP-4H86CTH" failures="0" tests="3" name="Test" time="1.919" errors="0" timestamp="2023-01-10T19:40:41 EST">
  <testcase classname="io.cucumber.testng.AbstractTestNGCucumberTests" name="runScenario" time="0.059"/>
  <testcase classname="com.runner.LoginRunner" name="getLogin" time="0.0"/>
  <testcase classname="com.runner.LogoutRunner" name="getLogout" time="0.001"/>
</testsuite> <!-- Test -->
