<?xml version="1.0" encoding="UTF-8"?>
<testng-results ignored="0" total="3" passed="3" failed="0" skipped="0">
  <reporter-output>
  </reporter-output>
  <suite started-at="2023-01-10T19:40:39 EST" name="Suite" finished-at="2023-01-10T19:40:41 EST" duration-ms="1919">
    <groups>
      <group name="cucumber">
        <method signature="AbstractTestNGCucumberTests.runScenario(io.cucumber.testng.PickleWrapper,io.cucumber.testng.FeatureWrapper)[pri:0, instance:com.runner.LoginRunner@4f80542f]" name="runScenario" class="io.cucumber.testng.AbstractTestNGCucumberTests"/>
      </group> <!-- cucumber -->
    </groups>
    <test started-at="2023-01-10T19:40:39 EST" name="Test" finished-at="2023-01-10T19:40:41 EST" duration-ms="1919">
      <class name="com.runner.LogoutRunner">
        <test-method signature="getLogout()[pri:0, instance:com.runner.LogoutRunner@4d5650ae]" started-at="2023-01-10T19:40:41 EST" name="getLogout" finished-at="2023-01-10T19:40:41 EST" duration-ms="1" status="PASS">
          <reporter-output>
          </reporter-output>
        </test-method> <!-- getLogout -->
      </class> <!-- com.runner.LogoutRunner -->
      <class name="com.runner.LoginRunner">
        <test-method is-config="true" signature="setUpClass(org.testng.ITestContext)[pri:0, instance:com.runner.LoginRunner@4f80542f]" started-at="2023-01-10T19:40:39 EST" name="setUpClass" finished-at="2023-01-10T19:40:39 EST" duration-ms="392" status="PASS">
          <params>
            <param index="0">
              <value>
                <![CDATA[org.testng.TestRunner@53c68ce]]>
              </value>
            </param>
          </params>
          <reporter-output>
          </reporter-output>
        </test-method> <!-- setUpClass -->
        <test-method signature="runScenario(io.cucumber.testng.PickleWrapper,io.cucumber.testng.FeatureWrapper)[pri:0, instance:com.runner.LoginRunner@4f80542f]" started-at="2023-01-10T19:40:39 EST" name="runScenario" description="Runs Cucumber Scenarios" data-provider="scenarios" finished-at="2023-01-10T19:40:39 EST" duration-ms="59" status="PASS">
          <params>
            <param index="0">
              <value>
                <![CDATA["As a user, I want to login to Automation Exercise with valid credentials"]]>
              </value>
            </param>
            <param index="1">
              <value>
                <![CDATA["Login testing with valid credentials"]]>
              </value>
            </param>
          </params>
          <reporter-output>
          </reporter-output>
        </test-method> <!-- runScenario -->
        <test-method signature="getLogin()[pri:0, instance:com.runner.LoginRunner@4f80542f]" started-at="2023-01-10T19:40:39 EST" name="getLogin" finished-at="2023-01-10T19:40:39 EST" duration-ms="0" status="PASS">
          <reporter-output>
          </reporter-output>
        </test-method> <!-- getLogin -->
        <test-method is-config="true" signature="tearDownClass()[pri:0, instance:com.runner.LoginRunner@4f80542f]" started-at="2023-01-10T19:40:39 EST" name="tearDownClass" finished-at="2023-01-10T19:40:41 EST" duration-ms="1443" status="PASS">
          <reporter-output>
          </reporter-output>
        </test-method> <!-- tearDownClass -->
      </class> <!-- com.runner.LoginRunner -->
    </test> <!-- Test -->
  </suite> <!-- Suite -->
</testng-results>
